十二月 05, 2020 10:30:44 下午 org.apache.catalina.startup.VersionLoggerListener log
信息: Server.æå¡å¨çæ¬: Apache Tomcat/@VERSION@
十二月 05, 2020 10:30:44 下午 org.apache.catalina.startup.VersionLoggerListener log
信息: æå¡å¨æå»º:        @VERSION_BUILT@
十二月 05, 2020 10:30:44 下午 org.apache.catalina.startup.VersionLoggerListener log
信息: æå¡å¨çæ¬å·:      @VERSION_NUMBER@
十二月 05, 2020 10:30:44 下午 org.apache.catalina.startup.VersionLoggerListener log
信息: æä½ç³»ç»åç§°:      Windows 10
十二月 05, 2020 10:30:44 下午 org.apache.catalina.startup.VersionLoggerListener log
信息: OS.çæ¬:           10.0
十二月 05, 2020 10:30:44 下午 org.apache.catalina.startup.VersionLoggerListener log
信息: æ¶æ:              x86
十二月 05, 2020 10:30:44 下午 org.apache.catalina.startup.VersionLoggerListener log
信息: Java ç¯å¢åé:     D:\Program Files (x86)\Java\jdk1.8.0_261\jre
十二月 05, 2020 10:30:44 下午 org.apache.catalina.startup.VersionLoggerListener log
信息: Javaèææºçæ¬:    1.8.0_261-b12
十二月 05, 2020 10:30:44 下午 org.apache.catalina.startup.VersionLoggerListener log
信息: JVM.ä¾åºå:        Oracle Corporation
十二月 05, 2020 10:30:44 下午 org.apache.catalina.startup.VersionLoggerListener log
信息: CATALINA_BASE:     E:\source\tomcat7-source\catalina-home
十二月 05, 2020 10:30:44 下午 org.apache.catalina.startup.VersionLoggerListener log
信息: CATALINA_HOME:     E:\source\tomcat7-source\catalina-home
十二月 05, 2020 10:30:44 下午 org.apache.catalina.startup.VersionLoggerListener log
信息: å½ä»¤è¡åæ°ï¼       -Dcatalina.home=catalina-home
十二月 05, 2020 10:30:44 下午 org.apache.catalina.startup.VersionLoggerListener log
信息: å½ä»¤è¡åæ°ï¼       -Dcatalina.base=catalina-home
十二月 05, 2020 10:30:44 下午 org.apache.catalina.startup.VersionLoggerListener log
信息: å½ä»¤è¡åæ°ï¼       -Djava.endorsed.dirs=catalina-home/endorsed
十二月 05, 2020 10:30:44 下午 org.apache.catalina.startup.VersionLoggerListener log
信息: å½ä»¤è¡åæ°ï¼       -Djava.io.tmpdir=catalina-home/temp
十二月 05, 2020 10:30:44 下午 org.apache.catalina.startup.VersionLoggerListener log
信息: å½ä»¤è¡åæ°ï¼       -Djava.util.logging.manager=org.apache.juli.ClassLoaderLogManager
十二月 05, 2020 10:30:44 下午 org.apache.catalina.startup.VersionLoggerListener log
信息: å½ä»¤è¡åæ°ï¼       -Djava.util.logging.config.file=catalina-home/conf/logging.properties
十二月 05, 2020 10:30:44 下午 org.apache.catalina.startup.VersionLoggerListener log
信息: å½ä»¤è¡åæ°ï¼       -javaagent:D:\Program Files\JetBrains\IntelliJ IDEA 2020.1.3\lib\idea_rt.jar=17690:D:\Program Files\JetBrains\IntelliJ IDEA 2020.1.3\bin
十二月 05, 2020 10:30:44 下午 org.apache.catalina.startup.VersionLoggerListener log
信息: å½ä»¤è¡åæ°ï¼       -Dfile.encoding=UTF-8
十二月 05, 2020 10:30:44 下午 org.apache.catalina.core.AprLifecycleListener lifecycleEvent
信息: å¨java.library.path:[D:\Program Files (x86)\Java\jdk1.8.0_261\bin;C:\WINDOWS\Sun\Java\bin;C:\WINDOWS\system32;C:\WINDOWS;c:\gtk\bin;D:\Program Files (x86)\Python37-32\Scripts\;D:\Program Files (x86)\Python37-32\;E:\app\ASUS\product\11.2.0\dbhome_3\bin;C:\Program Files (x86)\Intel\iCLS Client\;C:\Program Files\Intel\iCLS Client\;C:\Windows\system32;C:\Windows;C:\Windows\System32\Wbem;C:\Windows\System32\WindowsPowerShell\v1.0\;C:\Program Files (x86)\NVIDIA Corporation\PhysX\Common;C:\Program Files (x86)\Intel\Intel(R) Management Engine Components\DAL;C:\Program Files\Intel\Intel(R) Management Engine Components\DAL;C:\Program Files (x86)\Intel\Intel(R) Management Engine Components\IPT;C:\Program Files\Intel\Intel(R) Management Engine Components\IPT;C:\software\MySQL Server 5.5\bin;C:\WINDOWS\system32;C:\WINDOWS;C:\WINDOWS\System32\Wbem;C:\WINDOWS\System32\WindowsPowerShell\v1.0\;C:\Program Files\Microsoft SQL Server\120\DTS\Binn\;C:\Program Files\Microsoft SQL Server\Client SDK\ODBC\110\Tools\Binn\;C:\Program Files (x86)\Microsoft SQL Server\120\Tools\Binn\;C:\Program Files\Microsoft SQL Server\120\Tools\Binn\;C:\Program Files (x86)\Microsoft SQL Server\120\Tools\Binn\ManagementStudio\;C:\Program Files (x86)\Microsoft SQL Server\120\DTS\Binn\;D:\bigdata\findbugs-3.0.1\bin;D:\bigdata\protobuf-2.5.0\src;D:\bigdata\cmake-3.6.1-win64-x64\bin;D:\cygwin\bin;D:\bigdata\zlib;C:\Program Files (x86)\Windows Kits\8.1\Windows Performance Toolkit\;D:\bigdata\apache-ant-1.9.11\bin;D:\hadoop-2.6.5\bin;C:\WINDOWS\System32\OpenSSH\;C:\Users\ASUS\AppData\Local\Microsoft\WindowsApps;D:\Program Files\JetBrains\IntelliJ IDEA 2018.3\bin;C:\Program Files\NVIDIA Corporation\NVIDIA NvDLISR;C:\WINDOWS\system32;C:\WINDOWS;C:\WINDOWS\System32\Wbem;C:\WINDOWS\System32\WindowsPowerShell\v1.0\;C:\WINDOWS\System32\OpenSSH\;D:\Program Files\Git\cmd;C:\Program Files\Microsoft SQL Server\110\Tools\Binn\;D:\gradle-4.9\bin;D:\Program Files (x86)\Java\jdk1.8.0_261\bin;D:\apache-maven-3.6.3-bin\bin;D:\Chrome\apache-ant-1.10.7-bin\bin;C:\Users\ASUS\AppData\Local\Microsoft\WindowsApps;D:\Program Files\JetBrains\IntelliJ IDEA 2019.1.4\bin;C:\Users\ASUS\AppData\Local\BypassRuntm;D:\Program Files\JetBrains\IntelliJ IDEA 2020.1.3\bin;;.]ä¸æ¾ä¸å°åºäºAPRçApache Tomcatæ¬æºåºï¼è¯¥åºåè®¸å¨çäº§ç¯å¢ä¸­è·å¾æä½³æ§è½
十二月 05, 2020 10:30:44 下午 org.apache.coyote.AbstractProtocol init
信息: åå§ååè®®å¤çå¨ ["http-bio-8080"]
十二月 05, 2020 10:30:44 下午 org.apache.catalina.startup.Catalina load
信息: Initialization processed in 893 ms
十二月 05, 2020 10:30:44 下午 org.apache.catalina.core.StandardService startInternal
信息: æ­£å¨å¯å¨æå¡[Catalina]
十二月 05, 2020 10:30:44 下午 org.apache.catalina.core.StandardEngine startInternal
信息: Starting Servlet Engine: Apache Tomcat/@VERSION@
十二月 05, 2020 10:30:44 下午 org.apache.catalina.startup.HostConfig deployDirectory
信息: æweb åºç¨ç¨åºé¨ç½²å°ç®å½ [E:\source\tomcat7-source\catalina-home\webapps\docs]
十二月 05, 2020 10:30:45 下午 org.apache.catalina.startup.TldConfig execute
信息: At least one JAR was scanned for TLDs yet contained no TLDs. Enable debug logging for this logger for a complete list of JARs that were scanned but no TLDs were found in them. Skipping unneeded JARs during scanning can improve startup time and JSP compilation time.
十二月 05, 2020 10:30:45 下午 org.apache.catalina.util.SessionIdGeneratorBase createSecureRandom
警告: ä½¿ç¨[SHA1PRNG]åå»ºä¼è¯IDçæçSecureRandomå®ä¾è±è´¹äº[404]æ¯«ç§ã
十二月 05, 2020 10:30:45 下午 org.apache.catalina.startup.HostConfig deployDirectory
信息: Webåºç¨ç¨åºç®å½[E:\source\tomcat7-source\catalina-home\webapps\docs]çé¨ç½²å·²å¨[1,039]æ¯«ç§åå®æ
十二月 05, 2020 10:30:45 下午 org.apache.catalina.startup.HostConfig deployDirectory
信息: æweb åºç¨ç¨åºé¨ç½²å°ç®å½ [E:\source\tomcat7-source\catalina-home\webapps\examples]
十二月 05, 2020 10:30:45 下午 org.apache.catalina.startup.TldConfig execute
信息: At least one JAR was scanned for TLDs yet contained no TLDs. Enable debug logging for this logger for a complete list of JARs that were scanned but no TLDs were found in them. Skipping unneeded JARs during scanning can improve startup time and JSP compilation time.
十二月 05, 2020 10:30:45 下午 org.apache.catalina.core.StandardContext startInternal
严重: ä¸ä¸ªæå¤ä¸ªlistenerså¯å¨å¤±è´¥ï¼æ´å¤è¯¦ç»ä¿¡æ¯æ¥çå¯¹åºçå®¹å¨æ¥å¿æä»¶
十二月 05, 2020 10:30:45 下午 org.apache.catalina.core.StandardContext startInternal
严重: ç±äºä¹åçéè¯¯ï¼Context[/examples]å¯å¨å¤±è´¥
十二月 05, 2020 10:30:45 下午 org.apache.catalina.startup.HostConfig deployDirectory
信息: Webåºç¨ç¨åºç®å½[E:\source\tomcat7-source\catalina-home\webapps\examples]çé¨ç½²å·²å¨[154]æ¯«ç§åå®æ
十二月 05, 2020 10:30:45 下午 org.apache.catalina.startup.HostConfig deployDirectory
信息: æweb åºç¨ç¨åºé¨ç½²å°ç®å½ [E:\source\tomcat7-source\catalina-home\webapps\host-manager]
十二月 05, 2020 10:30:45 下午 org.apache.catalina.startup.TldConfig execute
信息: At least one JAR was scanned for TLDs yet contained no TLDs. Enable debug logging for this logger for a complete list of JARs that were scanned but no TLDs were found in them. Skipping unneeded JARs during scanning can improve startup time and JSP compilation time.
十二月 05, 2020 10:30:45 下午 org.apache.catalina.startup.HostConfig deployDirectory
信息: Webåºç¨ç¨åºç®å½[E:\source\tomcat7-source\catalina-home\webapps\host-manager]çé¨ç½²å·²å¨[141]æ¯«ç§åå®æ
十二月 05, 2020 10:30:45 下午 org.apache.catalina.startup.HostConfig deployDirectory
信息: æweb åºç¨ç¨åºé¨ç½²å°ç®å½ [E:\source\tomcat7-source\catalina-home\webapps\manager]
十二月 05, 2020 10:30:46 下午 org.apache.catalina.startup.TldConfig execute
信息: At least one JAR was scanned for TLDs yet contained no TLDs. Enable debug logging for this logger for a complete list of JARs that were scanned but no TLDs were found in them. Skipping unneeded JARs during scanning can improve startup time and JSP compilation time.
十二月 05, 2020 10:30:46 下午 org.apache.catalina.startup.HostConfig deployDirectory
信息: Webåºç¨ç¨åºç®å½[E:\source\tomcat7-source\catalina-home\webapps\manager]çé¨ç½²å·²å¨[130]æ¯«ç§åå®æ
十二月 05, 2020 10:30:46 下午 org.apache.catalina.startup.HostConfig deployDirectory
信息: æweb åºç¨ç¨åºé¨ç½²å°ç®å½ [E:\source\tomcat7-source\catalina-home\webapps\ROOT]
十二月 05, 2020 10:30:46 下午 org.apache.catalina.startup.TldConfig execute
信息: At least one JAR was scanned for TLDs yet contained no TLDs. Enable debug logging for this logger for a complete list of JARs that were scanned but no TLDs were found in them. Skipping unneeded JARs during scanning can improve startup time and JSP compilation time.
十二月 05, 2020 10:30:46 下午 org.apache.catalina.startup.HostConfig deployDirectory
信息: Webåºç¨ç¨åºç®å½[E:\source\tomcat7-source\catalina-home\webapps\ROOT]çé¨ç½²å·²å¨[93]æ¯«ç§åå®æ
十二月 05, 2020 10:30:46 下午 org.apache.coyote.AbstractProtocol start
信息: å¼å§åè®®å¤çå¥æ["http-bio-8080"]
十二月 05, 2020 10:30:46 下午 org.apache.catalina.startup.Catalina start
信息: Server startup in 1721 ms
十二月 05, 2020 10:32:39 下午 org.apache.catalina.startup.VersionLoggerListener log
信息: Server.æå¡å¨çæ¬: Apache Tomcat/@VERSION@
十二月 05, 2020 10:32:39 下午 org.apache.catalina.startup.VersionLoggerListener log
信息: æå¡å¨æå»º:        @VERSION_BUILT@
十二月 05, 2020 10:32:39 下午 org.apache.catalina.startup.VersionLoggerListener log
信息: æå¡å¨çæ¬å·:      @VERSION_NUMBER@
十二月 05, 2020 10:32:39 下午 org.apache.catalina.startup.VersionLoggerListener log
信息: æä½ç³»ç»åç§°:      Windows 10
十二月 05, 2020 10:32:39 下午 org.apache.catalina.startup.VersionLoggerListener log
信息: OS.çæ¬:           10.0
十二月 05, 2020 10:32:39 下午 org.apache.catalina.startup.VersionLoggerListener log
信息: æ¶æ:              x86
十二月 05, 2020 10:32:39 下午 org.apache.catalina.startup.VersionLoggerListener log
信息: Java ç¯å¢åé:     D:\Program Files (x86)\Java\jdk1.8.0_261\jre
十二月 05, 2020 10:32:39 下午 org.apache.catalina.startup.VersionLoggerListener log
信息: Javaèææºçæ¬:    1.8.0_261-b12
十二月 05, 2020 10:32:39 下午 org.apache.catalina.startup.VersionLoggerListener log
信息: JVM.ä¾åºå:        Oracle Corporation
十二月 05, 2020 10:32:39 下午 org.apache.catalina.startup.VersionLoggerListener log
信息: CATALINA_BASE:     E:\source\tomcat7-source\catalina-home
十二月 05, 2020 10:32:39 下午 org.apache.catalina.startup.VersionLoggerListener log
信息: CATALINA_HOME:     E:\source\tomcat7-source\catalina-home
十二月 05, 2020 10:32:39 下午 org.apache.catalina.startup.VersionLoggerListener log
信息: å½ä»¤è¡åæ°ï¼       -Dcatalina.home=catalina-home
十二月 05, 2020 10:32:39 下午 org.apache.catalina.startup.VersionLoggerListener log
信息: å½ä»¤è¡åæ°ï¼       -Dcatalina.base=catalina-home
十二月 05, 2020 10:32:39 下午 org.apache.catalina.startup.VersionLoggerListener log
信息: å½ä»¤è¡åæ°ï¼       -Djava.endorsed.dirs=catalina-home/endorsed
十二月 05, 2020 10:32:39 下午 org.apache.catalina.startup.VersionLoggerListener log
信息: å½ä»¤è¡åæ°ï¼       -Djava.io.tmpdir=catalina-home/temp
十二月 05, 2020 10:32:39 下午 org.apache.catalina.startup.VersionLoggerListener log
信息: å½ä»¤è¡åæ°ï¼       -Djava.util.logging.manager=org.apache.juli.ClassLoaderLogManager
十二月 05, 2020 10:32:39 下午 org.apache.catalina.startup.VersionLoggerListener log
信息: å½ä»¤è¡åæ°ï¼       -Djava.util.logging.config.file=catalina-home/conf/logging.properties
十二月 05, 2020 10:32:39 下午 org.apache.catalina.startup.VersionLoggerListener log
信息: å½ä»¤è¡åæ°ï¼       -javaagent:D:\Program Files\JetBrains\IntelliJ IDEA 2020.1.3\lib\idea_rt.jar=17890:D:\Program Files\JetBrains\IntelliJ IDEA 2020.1.3\bin
十二月 05, 2020 10:32:39 下午 org.apache.catalina.startup.VersionLoggerListener log
信息: å½ä»¤è¡åæ°ï¼       -Dfile.encoding=UTF-8
十二月 05, 2020 10:32:39 下午 org.apache.catalina.core.AprLifecycleListener lifecycleEvent
信息: å¨java.library.path:[D:\Program Files (x86)\Java\jdk1.8.0_261\bin;C:\WINDOWS\Sun\Java\bin;C:\WINDOWS\system32;C:\WINDOWS;c:\gtk\bin;D:\Program Files (x86)\Python37-32\Scripts\;D:\Program Files (x86)\Python37-32\;E:\app\ASUS\product\11.2.0\dbhome_3\bin;C:\Program Files (x86)\Intel\iCLS Client\;C:\Program Files\Intel\iCLS Client\;C:\Windows\system32;C:\Windows;C:\Windows\System32\Wbem;C:\Windows\System32\WindowsPowerShell\v1.0\;C:\Program Files (x86)\NVIDIA Corporation\PhysX\Common;C:\Program Files (x86)\Intel\Intel(R) Management Engine Components\DAL;C:\Program Files\Intel\Intel(R) Management Engine Components\DAL;C:\Program Files (x86)\Intel\Intel(R) Management Engine Components\IPT;C:\Program Files\Intel\Intel(R) Management Engine Components\IPT;C:\software\MySQL Server 5.5\bin;C:\WINDOWS\system32;C:\WINDOWS;C:\WINDOWS\System32\Wbem;C:\WINDOWS\System32\WindowsPowerShell\v1.0\;C:\Program Files\Microsoft SQL Server\120\DTS\Binn\;C:\Program Files\Microsoft SQL Server\Client SDK\ODBC\110\Tools\Binn\;C:\Program Files (x86)\Microsoft SQL Server\120\Tools\Binn\;C:\Program Files\Microsoft SQL Server\120\Tools\Binn\;C:\Program Files (x86)\Microsoft SQL Server\120\Tools\Binn\ManagementStudio\;C:\Program Files (x86)\Microsoft SQL Server\120\DTS\Binn\;D:\bigdata\findbugs-3.0.1\bin;D:\bigdata\protobuf-2.5.0\src;D:\bigdata\cmake-3.6.1-win64-x64\bin;D:\cygwin\bin;D:\bigdata\zlib;C:\Program Files (x86)\Windows Kits\8.1\Windows Performance Toolkit\;D:\bigdata\apache-ant-1.9.11\bin;D:\hadoop-2.6.5\bin;C:\WINDOWS\System32\OpenSSH\;C:\Users\ASUS\AppData\Local\Microsoft\WindowsApps;D:\Program Files\JetBrains\IntelliJ IDEA 2018.3\bin;C:\Program Files\NVIDIA Corporation\NVIDIA NvDLISR;C:\WINDOWS\system32;C:\WINDOWS;C:\WINDOWS\System32\Wbem;C:\WINDOWS\System32\WindowsPowerShell\v1.0\;C:\WINDOWS\System32\OpenSSH\;D:\Program Files\Git\cmd;C:\Program Files\Microsoft SQL Server\110\Tools\Binn\;D:\gradle-4.9\bin;D:\Program Files (x86)\Java\jdk1.8.0_261\bin;D:\apache-maven-3.6.3-bin\bin;D:\Chrome\apache-ant-1.10.7-bin\bin;C:\Users\ASUS\AppData\Local\Microsoft\WindowsApps;D:\Program Files\JetBrains\IntelliJ IDEA 2019.1.4\bin;C:\Users\ASUS\AppData\Local\BypassRuntm;D:\Program Files\JetBrains\IntelliJ IDEA 2020.1.3\bin;;.]ä¸æ¾ä¸å°åºäºAPRçApache Tomcatæ¬æºåºï¼è¯¥åºåè®¸å¨çäº§ç¯å¢ä¸­è·å¾æä½³æ§è½
十二月 05, 2020 10:32:40 下午 org.apache.coyote.AbstractProtocol init
信息: åå§ååè®®å¤çå¨ ["http-bio-8080"]
十二月 05, 2020 10:32:40 下午 org.apache.catalina.startup.Catalina load
信息: Initialization processed in 2478 ms
十二月 05, 2020 10:32:40 下午 org.apache.catalina.core.StandardService startInternal
信息: æ­£å¨å¯å¨æå¡[Catalina]
十二月 05, 2020 10:32:40 下午 org.apache.catalina.core.StandardEngine startInternal
信息: Starting Servlet Engine: Apache Tomcat/@VERSION@
十二月 05, 2020 10:32:40 下午 org.apache.catalina.startup.HostConfig deployDirectory
信息: æweb åºç¨ç¨åºé¨ç½²å°ç®å½ [E:\source\tomcat7-source\catalina-home\webapps\docs]
十二月 05, 2020 10:32:40 下午 org.apache.catalina.startup.TldConfig execute
信息: At least one JAR was scanned for TLDs yet contained no TLDs. Enable debug logging for this logger for a complete list of JARs that were scanned but no TLDs were found in them. Skipping unneeded JARs during scanning can improve startup time and JSP compilation time.
十二月 05, 2020 10:32:41 下午 org.apache.catalina.util.SessionIdGeneratorBase createSecureRandom
警告: ä½¿ç¨[SHA1PRNG]åå»ºä¼è¯IDçæçSecureRandomå®ä¾è±è´¹äº[870]æ¯«ç§ã
十二月 05, 2020 10:32:41 下午 org.apache.catalina.startup.HostConfig deployDirectory
信息: Webåºç¨ç¨åºç®å½[E:\source\tomcat7-source\catalina-home\webapps\docs]çé¨ç½²å·²å¨[1,210]æ¯«ç§åå®æ
十二月 05, 2020 10:32:41 下午 org.apache.catalina.startup.HostConfig deployDirectory
信息: æweb åºç¨ç¨åºé¨ç½²å°ç®å½ [E:\source\tomcat7-source\catalina-home\webapps\examples]
十二月 05, 2020 10:32:41 下午 org.apache.catalina.startup.TldConfig execute
信息: At least one JAR was scanned for TLDs yet contained no TLDs. Enable debug logging for this logger for a complete list of JARs that were scanned but no TLDs were found in them. Skipping unneeded JARs during scanning can improve startup time and JSP compilation time.
十二月 05, 2020 10:32:41 下午 org.apache.catalina.core.StandardContext startInternal
严重: ä¸ä¸ªæå¤ä¸ªlistenerså¯å¨å¤±è´¥ï¼æ´å¤è¯¦ç»ä¿¡æ¯æ¥çå¯¹åºçå®¹å¨æ¥å¿æä»¶
十二月 05, 2020 10:32:41 下午 org.apache.catalina.core.StandardContext startInternal
严重: ç±äºä¹åçéè¯¯ï¼Context[/examples]å¯å¨å¤±è´¥
十二月 05, 2020 10:32:41 下午 org.apache.catalina.startup.HostConfig deployDirectory
信息: Webåºç¨ç¨åºç®å½[E:\source\tomcat7-source\catalina-home\webapps\examples]çé¨ç½²å·²å¨[162]æ¯«ç§åå®æ
十二月 05, 2020 10:32:41 下午 org.apache.catalina.startup.HostConfig deployDirectory
信息: æweb åºç¨ç¨åºé¨ç½²å°ç®å½ [E:\source\tomcat7-source\catalina-home\webapps\host-manager]
十二月 05, 2020 10:32:41 下午 org.apache.catalina.startup.TldConfig execute
信息: At least one JAR was scanned for TLDs yet contained no TLDs. Enable debug logging for this logger for a complete list of JARs that were scanned but no TLDs were found in them. Skipping unneeded JARs during scanning can improve startup time and JSP compilation time.
十二月 05, 2020 10:32:41 下午 org.apache.catalina.startup.HostConfig deployDirectory
信息: Webåºç¨ç¨åºç®å½[E:\source\tomcat7-source\catalina-home\webapps\host-manager]çé¨ç½²å·²å¨[111]æ¯«ç§åå®æ
十二月 05, 2020 10:32:41 下午 org.apache.catalina.startup.HostConfig deployDirectory
信息: æweb åºç¨ç¨åºé¨ç½²å°ç®å½ [E:\source\tomcat7-source\catalina-home\webapps\manager]
十二月 05, 2020 10:32:41 下午 org.apache.catalina.startup.TldConfig execute
信息: At least one JAR was scanned for TLDs yet contained no TLDs. Enable debug logging for this logger for a complete list of JARs that were scanned but no TLDs were found in them. Skipping unneeded JARs during scanning can improve startup time and JSP compilation time.
十二月 05, 2020 10:32:41 下午 org.apache.catalina.startup.HostConfig deployDirectory
信息: Webåºç¨ç¨åºç®å½[E:\source\tomcat7-source\catalina-home\webapps\manager]çé¨ç½²å·²å¨[100]æ¯«ç§åå®æ
十二月 05, 2020 10:32:41 下午 org.apache.catalina.startup.HostConfig deployDirectory
信息: æweb åºç¨ç¨åºé¨ç½²å°ç®å½ [E:\source\tomcat7-source\catalina-home\webapps\ROOT]
十二月 05, 2020 10:32:41 下午 org.apache.catalina.startup.TldConfig execute
信息: At least one JAR was scanned for TLDs yet contained no TLDs. Enable debug logging for this logger for a complete list of JARs that were scanned but no TLDs were found in them. Skipping unneeded JARs during scanning can improve startup time and JSP compilation time.
十二月 05, 2020 10:32:41 下午 org.apache.catalina.startup.HostConfig deployDirectory
信息: Webåºç¨ç¨åºç®å½[E:\source\tomcat7-source\catalina-home\webapps\ROOT]çé¨ç½²å·²å¨[85]æ¯«ç§åå®æ
十二月 05, 2020 10:32:41 下午 org.apache.coyote.AbstractProtocol start
信息: å¼å§åè®®å¤çå¥æ["http-bio-8080"]
十二月 05, 2020 10:32:41 下午 org.apache.catalina.startup.Catalina start
信息: Server startup in 1780 ms
十二月 05, 2020 10:33:38 下午 org.apache.catalina.startup.VersionLoggerListener log
信息: Server.æå¡å¨çæ¬: Apache Tomcat/@VERSION@
十二月 05, 2020 10:33:38 下午 org.apache.catalina.startup.VersionLoggerListener log
信息: æå¡å¨æå»º:        @VERSION_BUILT@
十二月 05, 2020 10:33:38 下午 org.apache.catalina.startup.VersionLoggerListener log
信息: æå¡å¨çæ¬å·:      @VERSION_NUMBER@
十二月 05, 2020 10:33:38 下午 org.apache.catalina.startup.VersionLoggerListener log
信息: æä½ç³»ç»åç§°:      Windows 10
十二月 05, 2020 10:33:38 下午 org.apache.catalina.startup.VersionLoggerListener log
信息: OS.çæ¬:           10.0
十二月 05, 2020 10:33:38 下午 org.apache.catalina.startup.VersionLoggerListener log
信息: æ¶æ:              x86
十二月 05, 2020 10:33:38 下午 org.apache.catalina.startup.VersionLoggerListener log
信息: Java ç¯å¢åé:     D:\Program Files (x86)\Java\jdk1.8.0_261\jre
十二月 05, 2020 10:33:38 下午 org.apache.catalina.startup.VersionLoggerListener log
信息: Javaèææºçæ¬:    1.8.0_261-b12
十二月 05, 2020 10:33:38 下午 org.apache.catalina.startup.VersionLoggerListener log
信息: JVM.ä¾åºå:        Oracle Corporation
十二月 05, 2020 10:33:38 下午 org.apache.catalina.startup.VersionLoggerListener log
信息: CATALINA_BASE:     E:\source\tomcat7-source\catalina-home
十二月 05, 2020 10:33:38 下午 org.apache.catalina.startup.VersionLoggerListener log
信息: CATALINA_HOME:     E:\source\tomcat7-source\catalina-home
十二月 05, 2020 10:33:38 下午 org.apache.catalina.startup.VersionLoggerListener log
信息: å½ä»¤è¡åæ°ï¼       -Dcatalina.home=catalina-home
十二月 05, 2020 10:33:38 下午 org.apache.catalina.startup.VersionLoggerListener log
信息: å½ä»¤è¡åæ°ï¼       -Dcatalina.base=catalina-home
十二月 05, 2020 10:33:38 下午 org.apache.catalina.startup.VersionLoggerListener log
信息: å½ä»¤è¡åæ°ï¼       -Djava.endorsed.dirs=catalina-home/endorsed
十二月 05, 2020 10:33:38 下午 org.apache.catalina.startup.VersionLoggerListener log
信息: å½ä»¤è¡åæ°ï¼       -Djava.io.tmpdir=catalina-home/temp
十二月 05, 2020 10:33:38 下午 org.apache.catalina.startup.VersionLoggerListener log
信息: å½ä»¤è¡åæ°ï¼       -Djava.util.logging.manager=org.apache.juli.ClassLoaderLogManager
十二月 05, 2020 10:33:38 下午 org.apache.catalina.startup.VersionLoggerListener log
信息: å½ä»¤è¡åæ°ï¼       -Djava.util.logging.config.file=catalina-home/conf/logging.properties
十二月 05, 2020 10:33:38 下午 org.apache.catalina.startup.VersionLoggerListener log
信息: å½ä»¤è¡åæ°ï¼       -Dfile.encoding=utf-8
十二月 05, 2020 10:33:38 下午 org.apache.catalina.startup.VersionLoggerListener log
信息: å½ä»¤è¡åæ°ï¼       -javaagent:D:\Program Files\JetBrains\IntelliJ IDEA 2020.1.3\lib\idea_rt.jar=18010:D:\Program Files\JetBrains\IntelliJ IDEA 2020.1.3\bin
十二月 05, 2020 10:33:38 下午 org.apache.catalina.core.AprLifecycleListener lifecycleEvent
信息: å¨java.library.path:[D:\Program Files (x86)\Java\jdk1.8.0_261\bin;C:\WINDOWS\Sun\Java\bin;C:\WINDOWS\system32;C:\WINDOWS;c:\gtk\bin;D:\Program Files (x86)\Python37-32\Scripts\;D:\Program Files (x86)\Python37-32\;E:\app\ASUS\product\11.2.0\dbhome_3\bin;C:\Program Files (x86)\Intel\iCLS Client\;C:\Program Files\Intel\iCLS Client\;C:\Windows\system32;C:\Windows;C:\Windows\System32\Wbem;C:\Windows\System32\WindowsPowerShell\v1.0\;C:\Program Files (x86)\NVIDIA Corporation\PhysX\Common;C:\Program Files (x86)\Intel\Intel(R) Management Engine Components\DAL;C:\Program Files\Intel\Intel(R) Management Engine Components\DAL;C:\Program Files (x86)\Intel\Intel(R) Management Engine Components\IPT;C:\Program Files\Intel\Intel(R) Management Engine Components\IPT;C:\software\MySQL Server 5.5\bin;C:\WINDOWS\system32;C:\WINDOWS;C:\WINDOWS\System32\Wbem;C:\WINDOWS\System32\WindowsPowerShell\v1.0\;C:\Program Files\Microsoft SQL Server\120\DTS\Binn\;C:\Program Files\Microsoft SQL Server\Client SDK\ODBC\110\Tools\Binn\;C:\Program Files (x86)\Microsoft SQL Server\120\Tools\Binn\;C:\Program Files\Microsoft SQL Server\120\Tools\Binn\;C:\Program Files (x86)\Microsoft SQL Server\120\Tools\Binn\ManagementStudio\;C:\Program Files (x86)\Microsoft SQL Server\120\DTS\Binn\;D:\bigdata\findbugs-3.0.1\bin;D:\bigdata\protobuf-2.5.0\src;D:\bigdata\cmake-3.6.1-win64-x64\bin;D:\cygwin\bin;D:\bigdata\zlib;C:\Program Files (x86)\Windows Kits\8.1\Windows Performance Toolkit\;D:\bigdata\apache-ant-1.9.11\bin;D:\hadoop-2.6.5\bin;C:\WINDOWS\System32\OpenSSH\;C:\Users\ASUS\AppData\Local\Microsoft\WindowsApps;D:\Program Files\JetBrains\IntelliJ IDEA 2018.3\bin;C:\Program Files\NVIDIA Corporation\NVIDIA NvDLISR;C:\WINDOWS\system32;C:\WINDOWS;C:\WINDOWS\System32\Wbem;C:\WINDOWS\System32\WindowsPowerShell\v1.0\;C:\WINDOWS\System32\OpenSSH\;D:\Program Files\Git\cmd;C:\Program Files\Microsoft SQL Server\110\Tools\Binn\;D:\gradle-4.9\bin;D:\Program Files (x86)\Java\jdk1.8.0_261\bin;D:\apache-maven-3.6.3-bin\bin;D:\Chrome\apache-ant-1.10.7-bin\bin;C:\Users\ASUS\AppData\Local\Microsoft\WindowsApps;D:\Program Files\JetBrains\IntelliJ IDEA 2019.1.4\bin;C:\Users\ASUS\AppData\Local\BypassRuntm;D:\Program Files\JetBrains\IntelliJ IDEA 2020.1.3\bin;;.]ä¸æ¾ä¸å°åºäºAPRçApache Tomcatæ¬æºåºï¼è¯¥åºåè®¸å¨çäº§ç¯å¢ä¸­è·å¾æä½³æ§è½
十二月 05, 2020 10:33:38 下午 org.apache.coyote.AbstractProtocol init
信息: åå§ååè®®å¤çå¨ ["http-bio-8080"]
十二月 05, 2020 10:33:38 下午 org.apache.catalina.startup.Catalina load
信息: Initialization processed in 510 ms
十二月 05, 2020 10:33:38 下午 org.apache.catalina.core.StandardService startInternal
信息: æ­£å¨å¯å¨æå¡[Catalina]
十二月 05, 2020 10:33:38 下午 org.apache.catalina.core.StandardEngine startInternal
信息: Starting Servlet Engine: Apache Tomcat/@VERSION@
十二月 05, 2020 10:33:38 下午 org.apache.catalina.startup.HostConfig deployDirectory
信息: æweb åºç¨ç¨åºé¨ç½²å°ç®å½ [E:\source\tomcat7-source\catalina-home\webapps\docs]
十二月 05, 2020 10:33:38 下午 org.apache.catalina.startup.TldConfig execute
信息: At least one JAR was scanned for TLDs yet contained no TLDs. Enable debug logging for this logger for a complete list of JARs that were scanned but no TLDs were found in them. Skipping unneeded JARs during scanning can improve startup time and JSP compilation time.
十二月 05, 2020 10:33:39 下午 org.apache.catalina.util.SessionIdGeneratorBase createSecureRandom
警告: ä½¿ç¨[SHA1PRNG]åå»ºä¼è¯IDçæçSecureRandomå®ä¾è±è´¹äº[483]æ¯«ç§ã
十二月 05, 2020 10:33:39 下午 org.apache.catalina.startup.HostConfig deployDirectory
信息: Webåºç¨ç¨åºç®å½[E:\source\tomcat7-source\catalina-home\webapps\docs]çé¨ç½²å·²å¨[961]æ¯«ç§åå®æ
十二月 05, 2020 10:33:39 下午 org.apache.catalina.startup.HostConfig deployDirectory
信息: æweb åºç¨ç¨åºé¨ç½²å°ç®å½ [E:\source\tomcat7-source\catalina-home\webapps\examples]
十二月 05, 2020 10:33:39 下午 org.apache.catalina.startup.TldConfig execute
信息: At least one JAR was scanned for TLDs yet contained no TLDs. Enable debug logging for this logger for a complete list of JARs that were scanned but no TLDs were found in them. Skipping unneeded JARs during scanning can improve startup time and JSP compilation time.
十二月 05, 2020 10:33:39 下午 org.apache.catalina.core.StandardContext startInternal
严重: ä¸ä¸ªæå¤ä¸ªlistenerså¯å¨å¤±è´¥ï¼æ´å¤è¯¦ç»ä¿¡æ¯æ¥çå¯¹åºçå®¹å¨æ¥å¿æä»¶
十二月 05, 2020 10:33:39 下午 org.apache.catalina.core.StandardContext startInternal
严重: ç±äºä¹åçéè¯¯ï¼Context[/examples]å¯å¨å¤±è´¥
十二月 05, 2020 10:33:39 下午 org.apache.catalina.startup.HostConfig deployDirectory
信息: Webåºç¨ç¨åºç®å½[E:\source\tomcat7-source\catalina-home\webapps\examples]çé¨ç½²å·²å¨[154]æ¯«ç§åå®æ
十二月 05, 2020 10:33:39 下午 org.apache.catalina.startup.HostConfig deployDirectory
信息: æweb åºç¨ç¨åºé¨ç½²å°ç®å½ [E:\source\tomcat7-source\catalina-home\webapps\host-manager]
十二月 05, 2020 10:33:39 下午 org.apache.catalina.startup.TldConfig execute
信息: At least one JAR was scanned for TLDs yet contained no TLDs. Enable debug logging for this logger for a complete list of JARs that were scanned but no TLDs were found in them. Skipping unneeded JARs during scanning can improve startup time and JSP compilation time.
十二月 05, 2020 10:33:39 下午 org.apache.catalina.startup.HostConfig deployDirectory
信息: Webåºç¨ç¨åºç®å½[E:\source\tomcat7-source\catalina-home\webapps\host-manager]çé¨ç½²å·²å¨[102]æ¯«ç§åå®æ
十二月 05, 2020 10:33:39 下午 org.apache.catalina.startup.HostConfig deployDirectory
信息: æweb åºç¨ç¨åºé¨ç½²å°ç®å½ [E:\source\tomcat7-source\catalina-home\webapps\manager]
十二月 05, 2020 10:33:39 下午 org.apache.catalina.startup.TldConfig execute
信息: At least one JAR was scanned for TLDs yet contained no TLDs. Enable debug logging for this logger for a complete list of JARs that were scanned but no TLDs were found in them. Skipping unneeded JARs during scanning can improve startup time and JSP compilation time.
十二月 05, 2020 10:33:39 下午 org.apache.catalina.startup.HostConfig deployDirectory
信息: Webåºç¨ç¨åºç®å½[E:\source\tomcat7-source\catalina-home\webapps\manager]çé¨ç½²å·²å¨[95]æ¯«ç§åå®æ
十二月 05, 2020 10:33:39 下午 org.apache.catalina.startup.HostConfig deployDirectory
信息: æweb åºç¨ç¨åºé¨ç½²å°ç®å½ [E:\source\tomcat7-source\catalina-home\webapps\ROOT]
十二月 05, 2020 10:33:39 下午 org.apache.catalina.startup.TldConfig execute
信息: At least one JAR was scanned for TLDs yet contained no TLDs. Enable debug logging for this logger for a complete list of JARs that were scanned but no TLDs were found in them. Skipping unneeded JARs during scanning can improve startup time and JSP compilation time.
十二月 05, 2020 10:33:39 下午 org.apache.catalina.startup.HostConfig deployDirectory
信息: Webåºç¨ç¨åºç®å½[E:\source\tomcat7-source\catalina-home\webapps\ROOT]çé¨ç½²å·²å¨[77]æ¯«ç§åå®æ
十二月 05, 2020 10:33:39 下午 org.apache.coyote.AbstractProtocol start
信息: å¼å§åè®®å¤çå¥æ["http-bio-8080"]
十二月 05, 2020 10:33:39 下午 org.apache.catalina.startup.Catalina start
信息: Server startup in 1430 ms
十二月 05, 2020 10:34:34 下午 org.apache.catalina.startup.VersionLoggerListener log
信息: Server.æå¡å¨çæ¬: Apache Tomcat/@VERSION@
十二月 05, 2020 10:34:34 下午 org.apache.catalina.startup.VersionLoggerListener log
信息: æå¡å¨æå»º:        @VERSION_BUILT@
十二月 05, 2020 10:34:34 下午 org.apache.catalina.startup.VersionLoggerListener log
信息: æå¡å¨çæ¬å·:      @VERSION_NUMBER@
十二月 05, 2020 10:34:34 下午 org.apache.catalina.startup.VersionLoggerListener log
信息: æä½ç³»ç»åç§°:      Windows 10
十二月 05, 2020 10:34:34 下午 org.apache.catalina.startup.VersionLoggerListener log
信息: OS.çæ¬:           10.0
十二月 05, 2020 10:34:34 下午 org.apache.catalina.startup.VersionLoggerListener log
信息: æ¶æ:              x86
十二月 05, 2020 10:34:34 下午 org.apache.catalina.startup.VersionLoggerListener log
信息: Java ç¯å¢åé:     D:\Program Files (x86)\Java\jdk1.8.0_261\jre
十二月 05, 2020 10:34:34 下午 org.apache.catalina.startup.VersionLoggerListener log
信息: Javaèææºçæ¬:    1.8.0_261-b12
十二月 05, 2020 10:34:34 下午 org.apache.catalina.startup.VersionLoggerListener log
信息: JVM.ä¾åºå:        Oracle Corporation
十二月 05, 2020 10:34:34 下午 org.apache.catalina.startup.VersionLoggerListener log
信息: CATALINA_BASE:     E:\source\tomcat7-source\catalina-home
十二月 05, 2020 10:34:34 下午 org.apache.catalina.startup.VersionLoggerListener log
信息: CATALINA_HOME:     E:\source\tomcat7-source\catalina-home
十二月 05, 2020 10:34:34 下午 org.apache.catalina.startup.VersionLoggerListener log
信息: å½ä»¤è¡åæ°ï¼       -Dcatalina.home=catalina-home
十二月 05, 2020 10:34:34 下午 org.apache.catalina.startup.VersionLoggerListener log
信息: å½ä»¤è¡åæ°ï¼       -Dcatalina.base=catalina-home
十二月 05, 2020 10:34:34 下午 org.apache.catalina.startup.VersionLoggerListener log
信息: å½ä»¤è¡åæ°ï¼       -Djava.endorsed.dirs=catalina-home/endorsed
十二月 05, 2020 10:34:34 下午 org.apache.catalina.startup.VersionLoggerListener log
信息: å½ä»¤è¡åæ°ï¼       -Djava.io.tmpdir=catalina-home/temp
十二月 05, 2020 10:34:34 下午 org.apache.catalina.startup.VersionLoggerListener log
信息: å½ä»¤è¡åæ°ï¼       -Djava.util.logging.manager=org.apache.juli.ClassLoaderLogManager
十二月 05, 2020 10:34:34 下午 org.apache.catalina.startup.VersionLoggerListener log
信息: å½ä»¤è¡åæ°ï¼       -Djava.util.logging.config.file=catalina-home/conf/logging.properties
十二月 05, 2020 10:34:34 下午 org.apache.catalina.startup.VersionLoggerListener log
信息: å½ä»¤è¡åæ°ï¼       -javaagent:D:\Program Files\JetBrains\IntelliJ IDEA 2020.1.3\lib\idea_rt.jar=18108:D:\Program Files\JetBrains\IntelliJ IDEA 2020.1.3\bin
十二月 05, 2020 10:34:34 下午 org.apache.catalina.startup.VersionLoggerListener log
信息: å½ä»¤è¡åæ°ï¼       -Dfile.encoding=UTF-8
十二月 05, 2020 10:34:34 下午 org.apache.catalina.core.AprLifecycleListener lifecycleEvent
信息: å¨java.library.path:[D:\Program Files (x86)\Java\jdk1.8.0_261\bin;C:\WINDOWS\Sun\Java\bin;C:\WINDOWS\system32;C:\WINDOWS;c:\gtk\bin;D:\Program Files (x86)\Python37-32\Scripts\;D:\Program Files (x86)\Python37-32\;E:\app\ASUS\product\11.2.0\dbhome_3\bin;C:\Program Files (x86)\Intel\iCLS Client\;C:\Program Files\Intel\iCLS Client\;C:\Windows\system32;C:\Windows;C:\Windows\System32\Wbem;C:\Windows\System32\WindowsPowerShell\v1.0\;C:\Program Files (x86)\NVIDIA Corporation\PhysX\Common;C:\Program Files (x86)\Intel\Intel(R) Management Engine Components\DAL;C:\Program Files\Intel\Intel(R) Management Engine Components\DAL;C:\Program Files (x86)\Intel\Intel(R) Management Engine Components\IPT;C:\Program Files\Intel\Intel(R) Management Engine Components\IPT;C:\software\MySQL Server 5.5\bin;C:\WINDOWS\system32;C:\WINDOWS;C:\WINDOWS\System32\Wbem;C:\WINDOWS\System32\WindowsPowerShell\v1.0\;C:\Program Files\Microsoft SQL Server\120\DTS\Binn\;C:\Program Files\Microsoft SQL Server\Client SDK\ODBC\110\Tools\Binn\;C:\Program Files (x86)\Microsoft SQL Server\120\Tools\Binn\;C:\Program Files\Microsoft SQL Server\120\Tools\Binn\;C:\Program Files (x86)\Microsoft SQL Server\120\Tools\Binn\ManagementStudio\;C:\Program Files (x86)\Microsoft SQL Server\120\DTS\Binn\;D:\bigdata\findbugs-3.0.1\bin;D:\bigdata\protobuf-2.5.0\src;D:\bigdata\cmake-3.6.1-win64-x64\bin;D:\cygwin\bin;D:\bigdata\zlib;C:\Program Files (x86)\Windows Kits\8.1\Windows Performance Toolkit\;D:\bigdata\apache-ant-1.9.11\bin;D:\hadoop-2.6.5\bin;C:\WINDOWS\System32\OpenSSH\;C:\Users\ASUS\AppData\Local\Microsoft\WindowsApps;D:\Program Files\JetBrains\IntelliJ IDEA 2018.3\bin;C:\Program Files\NVIDIA Corporation\NVIDIA NvDLISR;C:\WINDOWS\system32;C:\WINDOWS;C:\WINDOWS\System32\Wbem;C:\WINDOWS\System32\WindowsPowerShell\v1.0\;C:\WINDOWS\System32\OpenSSH\;D:\Program Files\Git\cmd;C:\Program Files\Microsoft SQL Server\110\Tools\Binn\;D:\gradle-4.9\bin;D:\Program Files (x86)\Java\jdk1.8.0_261\bin;D:\apache-maven-3.6.3-bin\bin;D:\Chrome\apache-ant-1.10.7-bin\bin;C:\Users\ASUS\AppData\Local\Microsoft\WindowsApps;D:\Program Files\JetBrains\IntelliJ IDEA 2019.1.4\bin;C:\Users\ASUS\AppData\Local\BypassRuntm;D:\Program Files\JetBrains\IntelliJ IDEA 2020.1.3\bin;;.]ä¸æ¾ä¸å°åºäºAPRçApache Tomcatæ¬æºåºï¼è¯¥åºåè®¸å¨çäº§ç¯å¢ä¸­è·å¾æä½³æ§è½
十二月 05, 2020 10:34:34 下午 org.apache.coyote.AbstractProtocol init
信息: åå§ååè®®å¤çå¨ ["http-bio-8080"]
十二月 05, 2020 10:34:34 下午 org.apache.catalina.startup.Catalina load
信息: Initialization processed in 489 ms
十二月 05, 2020 10:34:35 下午 org.apache.catalina.core.StandardService startInternal
信息: æ­£å¨å¯å¨æå¡[Catalina]
十二月 05, 2020 10:34:35 下午 org.apache.catalina.core.StandardEngine startInternal
信息: Starting Servlet Engine: Apache Tomcat/@VERSION@
十二月 05, 2020 10:34:35 下午 org.apache.catalina.startup.HostConfig deployDirectory
信息: æweb åºç¨ç¨åºé¨ç½²å°ç®å½ [E:\source\tomcat7-source\catalina-home\webapps\docs]
十二月 05, 2020 10:34:35 下午 org.apache.catalina.startup.TldConfig execute
信息: At least one JAR was scanned for TLDs yet contained no TLDs. Enable debug logging for this logger for a complete list of JARs that were scanned but no TLDs were found in them. Skipping unneeded JARs during scanning can improve startup time and JSP compilation time.
十二月 05, 2020 10:34:35 下午 org.apache.catalina.util.SessionIdGeneratorBase createSecureRandom
警告: ä½¿ç¨[SHA1PRNG]åå»ºä¼è¯IDçæçSecureRandomå®ä¾è±è´¹äº[442]æ¯«ç§ã
十二月 05, 2020 10:34:35 下午 org.apache.catalina.startup.HostConfig deployDirectory
信息: Webåºç¨ç¨åºç®å½[E:\source\tomcat7-source\catalina-home\webapps\docs]çé¨ç½²å·²å¨[785]æ¯«ç§åå®æ
十二月 05, 2020 10:34:35 下午 org.apache.catalina.startup.HostConfig deployDirectory
信息: æweb åºç¨ç¨åºé¨ç½²å°ç®å½ [E:\source\tomcat7-source\catalina-home\webapps\examples]
十二月 05, 2020 10:34:35 下午 org.apache.catalina.startup.TldConfig execute
信息: At least one JAR was scanned for TLDs yet contained no TLDs. Enable debug logging for this logger for a complete list of JARs that were scanned but no TLDs were found in them. Skipping unneeded JARs during scanning can improve startup time and JSP compilation time.
十二月 05, 2020 10:34:35 下午 org.apache.catalina.core.StandardContext startInternal
严重: ä¸ä¸ªæå¤ä¸ªlistenerså¯å¨å¤±è´¥ï¼æ´å¤è¯¦ç»ä¿¡æ¯æ¥çå¯¹åºçå®¹å¨æ¥å¿æä»¶
十二月 05, 2020 10:34:35 下午 org.apache.catalina.core.StandardContext startInternal
严重: ç±äºä¹åçéè¯¯ï¼Context[/examples]å¯å¨å¤±è´¥
十二月 05, 2020 10:34:35 下午 org.apache.catalina.startup.HostConfig deployDirectory
信息: Webåºç¨ç¨åºç®å½[E:\source\tomcat7-source\catalina-home\webapps\examples]çé¨ç½²å·²å¨[146]æ¯«ç§åå®æ
十二月 05, 2020 10:34:35 下午 org.apache.catalina.startup.HostConfig deployDirectory
信息: æweb åºç¨ç¨åºé¨ç½²å°ç®å½ [E:\source\tomcat7-source\catalina-home\webapps\host-manager]
十二月 05, 2020 10:34:36 下午 org.apache.catalina.startup.TldConfig execute
信息: At least one JAR was scanned for TLDs yet contained no TLDs. Enable debug logging for this logger for a complete list of JARs that were scanned but no TLDs were found in them. Skipping unneeded JARs during scanning can improve startup time and JSP compilation time.
十二月 05, 2020 10:34:36 下午 org.apache.catalina.startup.HostConfig deployDirectory
信息: Webåºç¨ç¨åºç®å½[E:\source\tomcat7-source\catalina-home\webapps\host-manager]çé¨ç½²å·²å¨[134]æ¯«ç§åå®æ
十二月 05, 2020 10:34:36 下午 org.apache.catalina.startup.HostConfig deployDirectory
信息: æweb åºç¨ç¨åºé¨ç½²å°ç®å½ [E:\source\tomcat7-source\catalina-home\webapps\manager]
十二月 05, 2020 10:34:36 下午 org.apache.catalina.startup.TldConfig execute
信息: At least one JAR was scanned for TLDs yet contained no TLDs. Enable debug logging for this logger for a complete list of JARs that were scanned but no TLDs were found in them. Skipping unneeded JARs during scanning can improve startup time and JSP compilation time.
十二月 05, 2020 10:34:36 下午 org.apache.catalina.startup.HostConfig deployDirectory
信息: Webåºç¨ç¨åºç®å½[E:\source\tomcat7-source\catalina-home\webapps\manager]çé¨ç½²å·²å¨[94]æ¯«ç§åå®æ
十二月 05, 2020 10:34:36 下午 org.apache.catalina.startup.HostConfig deployDirectory
信息: æweb åºç¨ç¨åºé¨ç½²å°ç®å½ [E:\source\tomcat7-source\catalina-home\webapps\ROOT]
十二月 05, 2020 10:34:36 下午 org.apache.catalina.startup.TldConfig execute
信息: At least one JAR was scanned for TLDs yet contained no TLDs. Enable debug logging for this logger for a complete list of JARs that were scanned but no TLDs were found in them. Skipping unneeded JARs during scanning can improve startup time and JSP compilation time.
十二月 05, 2020 10:34:36 下午 org.apache.catalina.startup.HostConfig deployDirectory
信息: Webåºç¨ç¨åºç®å½[E:\source\tomcat7-source\catalina-home\webapps\ROOT]çé¨ç½²å·²å¨[88]æ¯«ç§åå®æ
十二月 05, 2020 10:34:36 下午 org.apache.coyote.AbstractProtocol start
信息: å¼å§åè®®å¤çå¥æ["http-bio-8080"]
十二月 05, 2020 10:34:36 下午 org.apache.catalina.startup.Catalina start
信息: Server startup in 1303 ms
Dec 05, 2020 10:36:47 PM org.apache.catalina.startup.VersionLoggerListener log
INFO: Server version name:   Apache Tomcat/@VERSION@
Dec 05, 2020 10:36:47 PM org.apache.catalina.startup.VersionLoggerListener log
INFO: Server built:          @VERSION_BUILT@
Dec 05, 2020 10:36:47 PM org.apache.catalina.startup.VersionLoggerListener log
INFO: Server version number: @VERSION_NUMBER@
Dec 05, 2020 10:36:47 PM org.apache.catalina.startup.VersionLoggerListener log
INFO: OS Name:               Windows 10
Dec 05, 2020 10:36:47 PM org.apache.catalina.startup.VersionLoggerListener log
INFO: OS Version:            10.0
Dec 05, 2020 10:36:47 PM org.apache.catalina.startup.VersionLoggerListener log
INFO: Architecture:          x86
Dec 05, 2020 10:36:47 PM org.apache.catalina.startup.VersionLoggerListener log
INFO: Java Home:             D:\Program Files (x86)\Java\jdk1.8.0_261\jre
Dec 05, 2020 10:36:47 PM org.apache.catalina.startup.VersionLoggerListener log
INFO: JVM Version:           1.8.0_261-b12
Dec 05, 2020 10:36:47 PM org.apache.catalina.startup.VersionLoggerListener log
INFO: JVM Vendor:            Oracle Corporation
Dec 05, 2020 10:36:47 PM org.apache.catalina.startup.VersionLoggerListener log
INFO: CATALINA_BASE:         E:\source\tomcat7-source\catalina-home
Dec 05, 2020 10:36:47 PM org.apache.catalina.startup.VersionLoggerListener log
INFO: CATALINA_HOME:         E:\source\tomcat7-source\catalina-home
Dec 05, 2020 10:36:47 PM org.apache.catalina.startup.VersionLoggerListener log
INFO: Command line argument: -Dcatalina.home=catalina-home
Dec 05, 2020 10:36:47 PM org.apache.catalina.startup.VersionLoggerListener log
INFO: Command line argument: -Dcatalina.base=catalina-home
Dec 05, 2020 10:36:47 PM org.apache.catalina.startup.VersionLoggerListener log
INFO: Command line argument: -Djava.endorsed.dirs=catalina-home/endorsed
Dec 05, 2020 10:36:47 PM org.apache.catalina.startup.VersionLoggerListener log
INFO: Command line argument: -Djava.io.tmpdir=catalina-home/temp
Dec 05, 2020 10:36:47 PM org.apache.catalina.startup.VersionLoggerListener log
INFO: Command line argument: -Djava.util.logging.manager=org.apache.juli.ClassLoaderLogManager
Dec 05, 2020 10:36:47 PM org.apache.catalina.startup.VersionLoggerListener log
INFO: Command line argument: -Djava.util.logging.config.file=catalina-home/conf/logging.properties
Dec 05, 2020 10:36:47 PM org.apache.catalina.startup.VersionLoggerListener log
INFO: Command line argument: -Duser.language=
Dec 05, 2020 10:36:47 PM org.apache.catalina.startup.VersionLoggerListener log
INFO: Command line argument: -javaagent:D:\Program Files\JetBrains\IntelliJ IDEA 2020.1.3\lib\idea_rt.jar=18186:D:\Program Files\JetBrains\IntelliJ IDEA 2020.1.3\bin
Dec 05, 2020 10:36:47 PM org.apache.catalina.startup.VersionLoggerListener log
INFO: Command line argument: -Dfile.encoding=UTF-8
Dec 05, 2020 10:36:47 PM org.apache.catalina.core.AprLifecycleListener lifecycleEvent
INFO: The Apache Tomcat Native library which allows using OpenSSL was not found on the java.library.path: [D:\Program Files (x86)\Java\jdk1.8.0_261\bin;C:\WINDOWS\Sun\Java\bin;C:\WINDOWS\system32;C:\WINDOWS;c:\gtk\bin;D:\Program Files (x86)\Python37-32\Scripts\;D:\Program Files (x86)\Python37-32\;E:\app\ASUS\product\11.2.0\dbhome_3\bin;C:\Program Files (x86)\Intel\iCLS Client\;C:\Program Files\Intel\iCLS Client\;C:\Windows\system32;C:\Windows;C:\Windows\System32\Wbem;C:\Windows\System32\WindowsPowerShell\v1.0\;C:\Program Files (x86)\NVIDIA Corporation\PhysX\Common;C:\Program Files (x86)\Intel\Intel(R) Management Engine Components\DAL;C:\Program Files\Intel\Intel(R) Management Engine Components\DAL;C:\Program Files (x86)\Intel\Intel(R) Management Engine Components\IPT;C:\Program Files\Intel\Intel(R) Management Engine Components\IPT;C:\software\MySQL Server 5.5\bin;C:\WINDOWS\system32;C:\WINDOWS;C:\WINDOWS\System32\Wbem;C:\WINDOWS\System32\WindowsPowerShell\v1.0\;C:\Program Files\Microsoft SQL Server\120\DTS\Binn\;C:\Program Files\Microsoft SQL Server\Client SDK\ODBC\110\Tools\Binn\;C:\Program Files (x86)\Microsoft SQL Server\120\Tools\Binn\;C:\Program Files\Microsoft SQL Server\120\Tools\Binn\;C:\Program Files (x86)\Microsoft SQL Server\120\Tools\Binn\ManagementStudio\;C:\Program Files (x86)\Microsoft SQL Server\120\DTS\Binn\;D:\bigdata\findbugs-3.0.1\bin;D:\bigdata\protobuf-2.5.0\src;D:\bigdata\cmake-3.6.1-win64-x64\bin;D:\cygwin\bin;D:\bigdata\zlib;C:\Program Files (x86)\Windows Kits\8.1\Windows Performance Toolkit\;D:\bigdata\apache-ant-1.9.11\bin;D:\hadoop-2.6.5\bin;C:\WINDOWS\System32\OpenSSH\;C:\Users\ASUS\AppData\Local\Microsoft\WindowsApps;D:\Program Files\JetBrains\IntelliJ IDEA 2018.3\bin;C:\Program Files\NVIDIA Corporation\NVIDIA NvDLISR;C:\WINDOWS\system32;C:\WINDOWS;C:\WINDOWS\System32\Wbem;C:\WINDOWS\System32\WindowsPowerShell\v1.0\;C:\WINDOWS\System32\OpenSSH\;D:\Program Files\Git\cmd;C:\Program Files\Microsoft SQL Server\110\Tools\Binn\;D:\gradle-4.9\bin;D:\Program Files (x86)\Java\jdk1.8.0_261\bin;D:\apache-maven-3.6.3-bin\bin;D:\Chrome\apache-ant-1.10.7-bin\bin;C:\Users\ASUS\AppData\Local\Microsoft\WindowsApps;D:\Program Files\JetBrains\IntelliJ IDEA 2019.1.4\bin;C:\Users\ASUS\AppData\Local\BypassRuntm;D:\Program Files\JetBrains\IntelliJ IDEA 2020.1.3\bin;;.]
Dec 05, 2020 10:36:47 PM org.apache.coyote.AbstractProtocol init
INFO: Initializing ProtocolHandler ["http-bio-8080"]
Dec 05, 2020 10:36:47 PM org.apache.catalina.startup.Catalina load
INFO: Initialization processed in 484 ms
Dec 05, 2020 10:36:47 PM org.apache.catalina.core.StandardService startInternal
INFO: Starting service [Catalina]
Dec 05, 2020 10:36:47 PM org.apache.catalina.core.StandardEngine startInternal
INFO: Starting Servlet Engine: Apache Tomcat/@VERSION@
Dec 05, 2020 10:36:47 PM org.apache.catalina.startup.HostConfig deployDirectory
INFO: Deploying web application directory [E:\source\tomcat7-source\catalina-home\webapps\docs]
Dec 05, 2020 10:36:47 PM org.apache.catalina.startup.TldConfig execute
INFO: At least one JAR was scanned for TLDs yet contained no TLDs. Enable debug logging for this logger for a complete list of JARs that were scanned but no TLDs were found in them. Skipping unneeded JARs during scanning can improve startup time and JSP compilation time.
Dec 05, 2020 10:36:48 PM org.apache.catalina.util.SessionIdGeneratorBase createSecureRandom
WARNING: Creation of SecureRandom instance for session ID generation using [SHA1PRNG] took [411] milliseconds.
Dec 05, 2020 10:36:48 PM org.apache.catalina.startup.HostConfig deployDirectory
INFO: Deployment of web application directory [E:\source\tomcat7-source\catalina-home\webapps\docs] has finished in [752] ms
Dec 05, 2020 10:36:48 PM org.apache.catalina.startup.HostConfig deployDirectory
INFO: Deploying web application directory [E:\source\tomcat7-source\catalina-home\webapps\examples]
Dec 05, 2020 10:36:48 PM org.apache.catalina.startup.TldConfig execute
INFO: At least one JAR was scanned for TLDs yet contained no TLDs. Enable debug logging for this logger for a complete list of JARs that were scanned but no TLDs were found in them. Skipping unneeded JARs during scanning can improve startup time and JSP compilation time.
Dec 05, 2020 10:36:48 PM org.apache.catalina.core.StandardContext startInternal
SEVERE: One or more listeners failed to start. Full details will be found in the appropriate container log file
Dec 05, 2020 10:36:48 PM org.apache.catalina.core.StandardContext startInternal
SEVERE: Context [/examples] startup failed due to previous errors
Dec 05, 2020 10:36:48 PM org.apache.catalina.startup.HostConfig deployDirectory
INFO: Deployment of web application directory [E:\source\tomcat7-source\catalina-home\webapps\examples] has finished in [134] ms
Dec 05, 2020 10:36:48 PM org.apache.catalina.startup.HostConfig deployDirectory
INFO: Deploying web application directory [E:\source\tomcat7-source\catalina-home\webapps\host-manager]
Dec 05, 2020 10:36:48 PM org.apache.catalina.startup.TldConfig execute
INFO: At least one JAR was scanned for TLDs yet contained no TLDs. Enable debug logging for this logger for a complete list of JARs that were scanned but no TLDs were found in them. Skipping unneeded JARs during scanning can improve startup time and JSP compilation time.
Dec 05, 2020 10:36:48 PM org.apache.catalina.startup.HostConfig deployDirectory
INFO: Deployment of web application directory [E:\source\tomcat7-source\catalina-home\webapps\host-manager] has finished in [95] ms
Dec 05, 2020 10:36:48 PM org.apache.catalina.startup.HostConfig deployDirectory
INFO: Deploying web application directory [E:\source\tomcat7-source\catalina-home\webapps\manager]
Dec 05, 2020 10:36:48 PM org.apache.catalina.startup.TldConfig execute
INFO: At least one JAR was scanned for TLDs yet contained no TLDs. Enable debug logging for this logger for a complete list of JARs that were scanned but no TLDs were found in them. Skipping unneeded JARs during scanning can improve startup time and JSP compilation time.
Dec 05, 2020 10:36:48 PM org.apache.catalina.startup.HostConfig deployDirectory
INFO: Deployment of web application directory [E:\source\tomcat7-source\catalina-home\webapps\manager] has finished in [99] ms
Dec 05, 2020 10:36:48 PM org.apache.catalina.startup.HostConfig deployDirectory
INFO: Deploying web application directory [E:\source\tomcat7-source\catalina-home\webapps\ROOT]
Dec 05, 2020 10:36:48 PM org.apache.catalina.startup.TldConfig execute
INFO: At least one JAR was scanned for TLDs yet contained no TLDs. Enable debug logging for this logger for a complete list of JARs that were scanned but no TLDs were found in them. Skipping unneeded JARs during scanning can improve startup time and JSP compilation time.
Dec 05, 2020 10:36:48 PM org.apache.catalina.startup.HostConfig deployDirectory
INFO: Deployment of web application directory [E:\source\tomcat7-source\catalina-home\webapps\ROOT] has finished in [80] ms
Dec 05, 2020 10:36:48 PM org.apache.coyote.AbstractProtocol start
INFO: Starting ProtocolHandler ["http-bio-8080"]
Dec 05, 2020 10:36:48 PM org.apache.catalina.startup.Catalina start
INFO: Server startup in 1198 ms
